+ hostname
clipgpu00.umiacs.umd.edu
+ nvidia-smi
Fri Mar 20 18:31:57 2020       
+-----------------------------------------------------------------------------+
| NVIDIA-SMI 440.44       Driver Version: 440.44       CUDA Version: 10.2     |
|-------------------------------+----------------------+----------------------+
| GPU  Name        Persistence-M| Bus-Id        Disp.A | Volatile Uncorr. ECC |
| Fan  Temp  Perf  Pwr:Usage/Cap|         Memory-Usage | GPU-Util  Compute M. |
|===============================+======================+======================|
|   0  TITAN X (Pascal)    Off  | 00000000:83:00.0 Off |                  N/A |
| 23%   25C    P8     9W / 250W |      0MiB / 12196MiB |      0%      Default |
+-------------------------------+----------------------+----------------------+
                                                                               
+-----------------------------------------------------------------------------+
| Processes:                                                       GPU Memory |
|  GPU       PID   Type   Process name                             Usage      |
|=============================================================================|
|  No running processes found                                                 |
+-----------------------------------------------------------------------------+
+ source /fs/clip-quiz/entilzha/anaconda3/etc/profile.d/conda.sh
+ conda activate qb-bert
+ '[' 2 -lt 1 ']'
+ local cmd=activate
+ shift
+ case "$cmd" in
+ __conda_activate activate qb-bert
+ '[' -n '' ']'
+ local cmd=activate
+ shift
+ local ask_conda
+ OLDPATH=/opt/common/cuda/cuda-10.0.130/bin:/cliphomes/entilzha/.cargo/bin:/fs/clip-quiz/entilzha/anaconda3/condabin:/fs/clip-quiz/entilzha/anaconda3/bin:/opt/local/stow/git-2.9.3/bin:/opt/local/stow/asciidoc-8.6.8/bin:/opt/local/stow/vim-8.0/bin:/opt/local/stow/tmux-2.7/bin:/cliphomes/entilzha/software/pandoc-2.6/bin:/cliphomes/entilzha/software/elasticsearch-5.6.2/bin:/cliphomes/entilzha/bin:/opt/local/bin:/usr/lib64/qt-3.3/bin:/usr/local/bin:/usr/bin:/usr/local/sbin:/usr/sbin:/opt/puppetlabs/bin:/cliphomes/entilzha/.fzf/bin
+ __add_sys_prefix_to_path
+ '[' -n '' ']'
++ dirname /fs/clip-quiz/entilzha/anaconda3/bin/conda
+ SYSP=/fs/clip-quiz/entilzha/anaconda3/bin
++ dirname /fs/clip-quiz/entilzha/anaconda3/bin
+ SYSP=/fs/clip-quiz/entilzha/anaconda3
+ '[' -n '' ']'
+ PATH=/fs/clip-quiz/entilzha/anaconda3/bin:/opt/common/cuda/cuda-10.0.130/bin:/cliphomes/entilzha/.cargo/bin:/fs/clip-quiz/entilzha/anaconda3/condabin:/fs/clip-quiz/entilzha/anaconda3/bin:/opt/local/stow/git-2.9.3/bin:/opt/local/stow/asciidoc-8.6.8/bin:/opt/local/stow/vim-8.0/bin:/opt/local/stow/tmux-2.7/bin:/cliphomes/entilzha/software/pandoc-2.6/bin:/cliphomes/entilzha/software/elasticsearch-5.6.2/bin:/cliphomes/entilzha/bin:/opt/local/bin:/usr/lib64/qt-3.3/bin:/usr/local/bin:/usr/bin:/usr/local/sbin:/usr/sbin:/opt/puppetlabs/bin:/cliphomes/entilzha/.fzf/bin
+ export PATH
++ PS1=
++ /fs/clip-quiz/entilzha/anaconda3/bin/conda shell.posix activate qb-bert
+ ask_conda='PS1='\''(qb-bert) '\''
export PATH='\''/fs/clip-quiz/entilzha/anaconda3/envs/qb-bert/bin:/opt/common/cuda/cuda-10.0.130/bin:/cliphomes/entilzha/.cargo/bin:/fs/clip-quiz/entilzha/anaconda3/condabin:/fs/clip-quiz/entilzha/anaconda3/bin:/opt/local/stow/git-2.9.3/bin:/opt/local/stow/asciidoc-8.6.8/bin:/opt/local/stow/vim-8.0/bin:/opt/local/stow/tmux-2.7/bin:/cliphomes/entilzha/software/pandoc-2.6/bin:/cliphomes/entilzha/software/elasticsearch-5.6.2/bin:/cliphomes/entilzha/bin:/opt/local/bin:/usr/lib64/qt-3.3/bin:/usr/local/bin:/usr/bin:/usr/local/sbin:/usr/sbin:/opt/puppetlabs/bin:/cliphomes/entilzha/.fzf/bin'\''
export CONDA_PREFIX='\''/fs/clip-quiz/entilzha/anaconda3/envs/qb-bert'\''
export CONDA_SHLVL='\''1'\''
export CONDA_DEFAULT_ENV='\''qb-bert'\''
export CONDA_PROMPT_MODIFIER='\''(qb-bert) '\''
export CONDA_EXE='\''/fs/clip-quiz/entilzha/anaconda3/bin/conda'\''
export _CE_M='\'''\''
export _CE_CONDA='\'''\''
export CONDA_PYTHON_EXE='\''/fs/clip-quiz/entilzha/anaconda3/bin/python'\'''
+ PATH=/opt/common/cuda/cuda-10.0.130/bin:/cliphomes/entilzha/.cargo/bin:/fs/clip-quiz/entilzha/anaconda3/condabin:/fs/clip-quiz/entilzha/anaconda3/bin:/opt/local/stow/git-2.9.3/bin:/opt/local/stow/asciidoc-8.6.8/bin:/opt/local/stow/vim-8.0/bin:/opt/local/stow/tmux-2.7/bin:/cliphomes/entilzha/software/pandoc-2.6/bin:/cliphomes/entilzha/software/elasticsearch-5.6.2/bin:/cliphomes/entilzha/bin:/opt/local/bin:/usr/lib64/qt-3.3/bin:/usr/local/bin:/usr/bin:/usr/local/sbin:/usr/sbin:/opt/puppetlabs/bin:/cliphomes/entilzha/.fzf/bin
+ eval 'PS1='\''(qb-bert) '\''
export PATH='\''/fs/clip-quiz/entilzha/anaconda3/envs/qb-bert/bin:/opt/common/cuda/cuda-10.0.130/bin:/cliphomes/entilzha/.cargo/bin:/fs/clip-quiz/entilzha/anaconda3/condabin:/fs/clip-quiz/entilzha/anaconda3/bin:/opt/local/stow/git-2.9.3/bin:/opt/local/stow/asciidoc-8.6.8/bin:/opt/local/stow/vim-8.0/bin:/opt/local/stow/tmux-2.7/bin:/cliphomes/entilzha/software/pandoc-2.6/bin:/cliphomes/entilzha/software/elasticsearch-5.6.2/bin:/cliphomes/entilzha/bin:/opt/local/bin:/usr/lib64/qt-3.3/bin:/usr/local/bin:/usr/bin:/usr/local/sbin:/usr/sbin:/opt/puppetlabs/bin:/cliphomes/entilzha/.fzf/bin'\''
export CONDA_PREFIX='\''/fs/clip-quiz/entilzha/anaconda3/envs/qb-bert'\''
export CONDA_SHLVL='\''1'\''
export CONDA_DEFAULT_ENV='\''qb-bert'\''
export CONDA_PROMPT_MODIFIER='\''(qb-bert) '\''
export CONDA_EXE='\''/fs/clip-quiz/entilzha/anaconda3/bin/conda'\''
export _CE_M='\'''\''
export _CE_CONDA='\'''\''
export CONDA_PYTHON_EXE='\''/fs/clip-quiz/entilzha/anaconda3/bin/python'\'''
++ PS1='(qb-bert) '
++ export PATH=/fs/clip-quiz/entilzha/anaconda3/envs/qb-bert/bin:/opt/common/cuda/cuda-10.0.130/bin:/cliphomes/entilzha/.cargo/bin:/fs/clip-quiz/entilzha/anaconda3/condabin:/fs/clip-quiz/entilzha/anaconda3/bin:/opt/local/stow/git-2.9.3/bin:/opt/local/stow/asciidoc-8.6.8/bin:/opt/local/stow/vim-8.0/bin:/opt/local/stow/tmux-2.7/bin:/cliphomes/entilzha/software/pandoc-2.6/bin:/cliphomes/entilzha/software/elasticsearch-5.6.2/bin:/cliphomes/entilzha/bin:/opt/local/bin:/usr/lib64/qt-3.3/bin:/usr/local/bin:/usr/bin:/usr/local/sbin:/usr/sbin:/opt/puppetlabs/bin:/cliphomes/entilzha/.fzf/bin
++ PATH=/fs/clip-quiz/entilzha/anaconda3/envs/qb-bert/bin:/opt/common/cuda/cuda-10.0.130/bin:/cliphomes/entilzha/.cargo/bin:/fs/clip-quiz/entilzha/anaconda3/condabin:/fs/clip-quiz/entilzha/anaconda3/bin:/opt/local/stow/git-2.9.3/bin:/opt/local/stow/asciidoc-8.6.8/bin:/opt/local/stow/vim-8.0/bin:/opt/local/stow/tmux-2.7/bin:/cliphomes/entilzha/software/pandoc-2.6/bin:/cliphomes/entilzha/software/elasticsearch-5.6.2/bin:/cliphomes/entilzha/bin:/opt/local/bin:/usr/lib64/qt-3.3/bin:/usr/local/bin:/usr/bin:/usr/local/sbin:/usr/sbin:/opt/puppetlabs/bin:/cliphomes/entilzha/.fzf/bin
++ export CONDA_PREFIX=/fs/clip-quiz/entilzha/anaconda3/envs/qb-bert
++ CONDA_PREFIX=/fs/clip-quiz/entilzha/anaconda3/envs/qb-bert
++ export CONDA_SHLVL=1
++ CONDA_SHLVL=1
++ export CONDA_DEFAULT_ENV=qb-bert
++ CONDA_DEFAULT_ENV=qb-bert
++ export 'CONDA_PROMPT_MODIFIER=(qb-bert) '
++ CONDA_PROMPT_MODIFIER='(qb-bert) '
++ export CONDA_EXE=/fs/clip-quiz/entilzha/anaconda3/bin/conda
++ CONDA_EXE=/fs/clip-quiz/entilzha/anaconda3/bin/conda
++ export _CE_M=
++ _CE_M=
++ export _CE_CONDA=
++ _CE_CONDA=
++ export CONDA_PYTHON_EXE=/fs/clip-quiz/entilzha/anaconda3/bin/python
++ CONDA_PYTHON_EXE=/fs/clip-quiz/entilzha/anaconda3/bin/python
+ __conda_hashr
+ '[' -n '' ']'
+ '[' -n '' ']'
+ hash -r
+ export SLURM_LOG_FILE=/fs/www-users/entilzha/logs/919429.log
+ SLURM_LOG_FILE=/fs/www-users/entilzha/logs/919429.log
+ export MODEL_CONFIG_FILE=/fs/clip-quiz/entilzha/code/qb-bert/src/config/generated/dan/1634105/1634105.toml
+ MODEL_CONFIG_FILE=/fs/clip-quiz/entilzha/code/qb-bert/src/config/generated/dan/1634105/1634105.toml
+ cd /fs/clip-quiz/entilzha/code/qb-bert/src/config/generated/dan/1634105
+ pwd
/fs/clip-quiz/entilzha/code/qb-bert/src/config/generated/dan/1634105
+ srun python qb/main.py train /fs/clip-quiz/entilzha/code/qb-bert/src/config/generated/dan/1634105/1634105.toml
2020-03-20 18:32:18,830 - __main__ - INFO - Training model
2020-03-20 18:32:18,913 - __main__ - INFO - Configuration
{'model': 'dan', 'generated_id': '1634105', 'name': 'dan', 'allennlp_conf': '/fs/clip-quiz/entilzha/code/qb-bert/src/config/generated/dan/1634105/1634105.json', 'serialization_dir': '/fs/clip-quiz/entilzha/code/qb-bert/src/model/generated/dan/1634105', 'conf_dir': '/fs/clip-quiz/entilzha/code/qb-bert/src/config/generated/dan/1634105', 'params': {'dropout': 0.5}}
0it [00:00, ?it/s]
2020-03-20 18:32:19,846 - qb.data - INFO - Reading instances from fold=guesstrain, file_path=/fs/clip-quiz/entilzha/code/qb-bert/src/data/qanta.mapped.2018.04.18.json

  0%|          | 0/132849 [00:00<?, ?it/s]
[A
  0%|          | 27/132849 [00:00<08:13, 268.98it/s]
[A
  0%|          | 67/132849 [00:00<07:26, 297.37it/s]
[A
  0%|          | 107/132849 [00:00<06:55, 319.68it/s]
[A
  0%|          | 139/132849 [00:00<06:57, 317.52it/s]
[A
  0%|          | 166/132849 [00:00<17:18, 127.79it/s]
[A
  0%|          | 198/132849 [00:01<14:11, 155.70it/s]
[A
  0%|          | 239/132849 [00:01<11:34, 190.98it/s]
[A
  0%|          | 275/132849 [00:01<09:57, 221.92it/s]
[A
  0%|          | 314/132849 [00:01<08:42, 253.54it/s]
[A
  0%|          | 354/132849 [00:01<07:47, 283.15it/s]
[A
  0%|          | 398/132849 [00:01<06:58, 316.80it/s]
[A
  0%|          | 438/132849 [00:01<06:34, 335.61it/s]
[A
  0%|          | 481/132849 [00:01<06:11, 356.53it/s]
[A
  0%|          | 526/132849 [00:01<05:49, 378.28it/s]
[A
  0%|          | 567/132849 [00:01<05:49, 378.37it/s]
[A
  0%|          | 607/132849 [00:02<05:57, 370.07it/s]
[A
  0%|          | 646/132849 [00:02<06:04, 363.06it/s]
[A
  1%|          | 684/132849 [00:02<06:00, 366.38it/s]
[A
  1%|          | 728/132849 [00:02<05:44, 383.60it/s]
[A
  1%|          | 774/132849 [00:02<05:28, 401.45it/s]
[A
  1%|          | 817/132849 [00:02<05:23, 407.70it/s]
[A
  1%|          | 859/132849 [00:02<05:23, 407.41it/s]
[A
  1%|          | 901/132849 [00:02<05:25, 404.79it/s]
[A
  1%|          | 945/132849 [00:02<05:18, 414.70it/s]
[A
  1%|          | 991/132849 [00:02<05:11, 423.98it/s]
[A
  1%|          | 1040/132849 [00:03<05:00, 439.36it/s]
[A
  1%|          | 1085/132849 [00:03<04:59, 439.73it/s]
[A
  1%|          | 1130/132849 [00:03<05:06, 429.47it/s]
[A
  1%|          | 1174/132849 [00:03<05:15, 417.94it/s]
[A
  1%|          | 1217/132849 [00:03<05:20, 410.27it/s]
[A
  1%|          | 1262/132849 [00:03<05:15, 417.62it/s]
[A
  1%|          | 1304/132849 [00:03<05:20, 410.74it/s]
[A
  1%|1         | 1346/132849 [00:03<05:38, 388.17it/s]
[A
  1%|1         | 1393/132849 [00:03<05:22, 407.97it/s]
[A
  1%|1         | 1438/132849 [00:04<05:15, 416.71it/s]
[A
  1%|1         | 1481/132849 [00:04<05:21, 408.12it/s]
[A
  1%|1         | 1523/132849 [00:04<05:34, 392.83it/s]
[A
  1%|1         | 1564/132849 [00:04<05:30, 397.13it/s]
[A
  1%|1         | 1604/132849 [00:04<05:32, 394.40it/s]
[A
  1%|1         | 1655/132849 [00:04<05:11, 420.50it/s]
[A
  1%|1         | 1709/132849 [00:04<04:52, 448.22it/s]
[A
  1%|1         | 1760/132849 [00:04<04:43, 462.38it/s]
[A
  1%|1         | 1813/132849 [00:04<04:32, 480.20it/s]
[A
  1%|1         | 1862/132849 [00:05<04:40, 467.66it/s]
[A
  1%|1         | 1910/132849 [00:05<04:46, 457.26it/s]
[A
  1%|1         | 1957/132849 [00:05<04:59, 436.41it/s]
[A
  2%|1         | 2005/132849 [00:05<04:52, 447.89it/s]
[A
  2%|1         | 2054/132849 [00:05<04:44, 459.51it/s]
[A
  2%|1         | 2103/132849 [00:05<04:41, 464.43it/s]
[A9004it [00:10, 873.85it/s]

  2%|1         | 2150/132849 [00:06<12:16, 177.43it/s]
[A
  2%|1         | 2196/132849 [00:06<10:02, 217.01it/s]
[A
  2%|1         | 2241/132849 [00:06<08:29, 256.23it/s]
[A
  2%|1         | 2285/132849 [00:06<07:27, 291.45it/s]
[A
  2%|1         | 2331/132849 [00:06<06:38, 327.17it/s]
[A
  2%|1         | 2376/132849 [00:06<06:08, 354.22it/s]
[A
  2%|1         | 2419/132849 [00:06<05:59, 363.28it/s]
[A
  2%|1         | 2462/132849 [00:06<05:44, 378.35it/s]
[A
  2%|1         | 2505/132849 [00:07<05:34, 389.90it/s]
[A
  2%|1         | 2550/132849 [00:07<05:23, 402.98it/s]
[A
  2%|1         | 2593/132849 [00:07<05:30, 394.71it/s]
[A
  2%|1         | 2634/132849 [00:07<05:32, 391.62it/s]
[A
  2%|2         | 2675/132849 [00:07<05:44, 377.49it/s]
[A
  2%|2         | 2714/132849 [00:07<05:47, 374.55it/s]
[A
  2%|2         | 2754/132849 [00:07<05:43, 379.12it/s]
[A
  2%|2         | 2803/132849 [00:07<05:21, 405.13it/s]
[A
  2%|2         | 2845/132849 [00:07<05:35, 387.82it/s]
[A
  2%|2         | 2899/132849 [00:07<05:08, 420.83it/s]
[A
  2%|2         | 2943/132849 [00:08<05:13, 414.15it/s]
[A
  2%|2         | 2986/132849 [00:08<05:36, 385.43it/s]
[A
  2%|2         | 3029/132849 [00:08<05:26, 397.54it/s]
[A
  2%|2         | 3075/132849 [00:08<05:14, 412.87it/s]
[A
  2%|2         | 3120/132849 [00:08<05:06, 422.80it/s]
[A
  2%|2         | 3171/132849 [00:08<04:51, 444.69it/s]
[A
  2%|2         | 3218/132849 [00:08<04:47, 451.65it/s]
[A
  2%|2         | 3272/132849 [00:08<04:34, 471.29it/s]
[A
  3%|2         | 3325/132849 [00:08<04:25, 487.39it/s]
[A
  3%|2         | 3389/132849 [00:09<04:08, 521.53it/s]
[A
  3%|2         | 3443/132849 [00:09<04:13, 511.43it/s]
[A
  3%|2         | 3495/132849 [00:09<04:17, 503.09it/s]
[A
  3%|2         | 3546/132849 [00:09<04:26, 484.59it/s]
[A
  3%|2         | 3597/132849 [00:09<04:23, 489.77it/s]
[A
  3%|2         | 3647/132849 [00:09<04:29, 480.18it/s]
[A
  3%|2         | 3697/132849 [00:09<04:27, 482.74it/s]
[A
  3%|2         | 3746/132849 [00:09<04:38, 463.28it/s]
[A
  3%|2         | 3795/132849 [00:09<04:34, 470.75it/s]
[A
  3%|2         | 3843/132849 [00:10<04:44, 453.10it/s]
[A
  3%|2         | 3889/132849 [00:10<04:53, 439.13it/s]
[A
  3%|2         | 3934/132849 [00:10<04:56, 435.40it/s]
[A
  3%|2         | 3978/132849 [00:10<05:05, 421.98it/s]
[A
  3%|3         | 4021/132849 [00:10<05:06, 420.12it/s]
[A
  3%|3         | 4071/132849 [00:10<04:54, 437.87it/s]
[A
  3%|3         | 4116/132849 [00:10<04:54, 437.63it/s]
[A
  3%|3         | 4166/132849 [00:10<04:43, 453.21it/s]
[A
  3%|3         | 4213/132849 [00:10<04:40, 458.01it/s]
[A
  3%|3         | 4261/132849 [00:10<04:38, 462.09it/s]
[A
  3%|3         | 4316/132849 [00:11<04:26, 481.74it/s]
[A
  3%|3         | 4365/132849 [00:11<04:30, 474.42it/s]
[A
  3%|3         | 4417/132849 [00:11<04:23, 486.94it/s]
[A
  3%|3         | 4467/132849 [00:11<04:22, 489.86it/s]
[A
  3%|3         | 4517/132849 [00:11<04:34, 467.59it/s]
[A
  3%|3         | 4565/132849 [00:11<04:42, 453.70it/s]
[A
  3%|3         | 4611/132849 [00:11<04:49, 442.89it/s]
[A
  4%|3         | 4658/132849 [00:11<04:45, 449.04it/s]
[A
  4%|3         | 4706/132849 [00:11<04:41, 455.73it/s]
[A
  4%|3         | 4755/132849 [00:12<04:36, 462.66it/s]
[A
  4%|3         | 4802/132849 [00:12<04:42, 452.91it/s]
[A
  4%|3         | 4848/132849 [00:12<14:04, 151.50it/s]
[A
  4%|3         | 4905/132849 [00:12<10:58, 194.26it/s]
[A
  4%|3         | 4956/132849 [00:13<08:57, 237.96it/s]
[A
  4%|3         | 5005/132849 [00:13<07:36, 279.80it/s]
[A
  4%|3         | 5054/132849 [00:13<06:38, 320.41it/s]
[A
  4%|3         | 5110/132849 [00:13<05:48, 366.04it/s]
[A
  4%|3         | 5162/132849 [00:13<05:19, 399.64it/s]
[A
  4%|3         | 5212/132849 [00:13<05:14, 405.48it/s]
[A
  4%|3         | 5265/132849 [00:13<04:54, 433.61it/s]
[A
  4%|4         | 5315/132849 [00:13<04:44, 448.37it/s]
[A
  4%|4         | 5367/132849 [00:13<04:32, 467.19it/s]
[A
  4%|4         | 5417/132849 [00:14<04:38, 457.37it/s]
[A
  4%|4         | 5465/132849 [00:14<04:42, 450.99it/s]
[A
  4%|4         | 5517/132849 [00:14<04:31, 468.48it/s]
[A
  4%|4         | 5566/132849 [00:14<04:38, 456.65it/s]
[A
  4%|4         | 5613/132849 [00:14<04:43, 449.46it/s]
[A
  4%|4         | 5661/132849 [00:14<04:37, 458.07it/s]
[A
  4%|4         | 5728/132849 [00:14<04:11, 505.09it/s]
[A
  4%|4         | 5781/132849 [00:14<04:16, 495.50it/s]
[A
  4%|4         | 5832/132849 [00:14<04:25, 477.59it/s]
[A
  4%|4         | 5881/132849 [00:15<04:25, 479.02it/s]
[A
  4%|4         | 5930/132849 [00:15<04:29, 470.41it/s]
[A
  5%|4         | 5987/132849 [00:15<04:16, 494.56it/s]
[A
  5%|4         | 6038/132849 [00:15<04:25, 478.51it/s]
[A
  5%|4         | 6087/132849 [00:15<04:37, 456.00it/s]
[A
  5%|4         | 6134/132849 [00:15<04:48, 439.17it/s]
[A
  5%|4         | 6179/132849 [00:15<04:53, 431.35it/s]
[A
  5%|4         | 6226/132849 [00:15<04:47, 440.03it/s]
[A
  5%|4         | 6271/132849 [00:15<04:50, 436.02it/s]
[A
  5%|4         | 6320/132849 [00:15<04:41, 448.98it/s]
[A
  5%|4         | 6372/132849 [00:16<04:32, 463.54it/s]
[A24648it [00:20, 1007.22it/s]

  5%|4         | 6419/132849 [00:16<04:38, 453.74it/s]
[A
  5%|4         | 6465/132849 [00:16<04:41, 448.77it/s]
[A
  5%|4         | 6515/132849 [00:16<04:32, 462.80it/s]
[A
  5%|4         | 6562/132849 [00:16<04:31, 464.39it/s]
[A
  5%|4         | 6609/132849 [00:16<04:41, 447.81it/s]
[A
  5%|5         | 6655/132849 [00:16<04:42, 447.03it/s]
[A
  5%|5         | 6701/132849 [00:16<04:39, 450.77it/s]
[A
  5%|5         | 6747/132849 [00:16<04:39, 451.17it/s]
[A
  5%|5         | 6801/132849 [00:17<04:28, 470.06it/s]
[A
  5%|5         | 6849/132849 [00:17<04:34, 458.97it/s]
[A
  5%|5         | 6897/132849 [00:17<04:32, 462.46it/s]
[A
  5%|5         | 6944/132849 [00:17<04:32, 462.48it/s]
[A
  5%|5         | 6991/132849 [00:17<04:31, 463.73it/s]
[A
  5%|5         | 7039/132849 [00:17<04:29, 467.26it/s]
[A
  5%|5         | 7087/132849 [00:17<04:29, 466.87it/s]
[A
  5%|5         | 7134/132849 [00:17<04:33, 460.09it/s]
[A
  5%|5         | 7181/132849 [00:17<04:45, 439.91it/s]
[A
  5%|5         | 7231/132849 [00:17<04:37, 452.53it/s]
[A
  5%|5         | 7281/132849 [00:18<04:30, 463.67it/s]
[A
  6%|5         | 7328/132849 [00:18<04:36, 454.15it/s]
[A
  6%|5         | 7374/132849 [00:18<04:35, 455.46it/s]
[A
  6%|5         | 7420/132849 [00:18<04:49, 433.92it/s]
[A
  6%|5         | 7476/132849 [00:18<04:31, 462.49it/s]
[A
  6%|5         | 7530/132849 [00:18<04:19, 482.03it/s]
[A
  6%|5         | 7579/132849 [00:18<04:19, 483.59it/s]
[A
  6%|5         | 7628/132849 [00:18<04:33, 457.83it/s]
[A
  6%|5         | 7675/132849 [00:18<04:45, 438.04it/s]
[A
  6%|5         | 7720/132849 [00:19<05:09, 404.68it/s]
[A
  6%|5         | 7762/132849 [00:19<05:15, 396.41it/s]
[A
  6%|5         | 7803/132849 [00:19<05:15, 396.61it/s]
[A
  6%|5         | 7850/132849 [00:19<05:01, 414.73it/s]
[A
  6%|5         | 7893/132849 [00:19<04:59, 417.15it/s]
[A
  6%|5         | 7943/132849 [00:19<04:45, 437.34it/s]
[A
  6%|6         | 7997/132849 [00:19<04:29, 463.15it/s]
[A
  6%|6         | 8057/132849 [00:19<04:12, 494.91it/s]
[A
  6%|6         | 8108/132849 [00:19<04:17, 483.49it/s]
[A
  6%|6         | 8164/132849 [00:19<04:07, 503.07it/s]
[A
  6%|6         | 8222/132849 [00:20<03:58, 523.58it/s]
[A
  6%|6         | 8281/132849 [00:20<03:50, 541.32it/s]
[A
  6%|6         | 8336/132849 [00:21<12:03, 172.14it/s]
[A
  6%|6         | 8387/132849 [00:21<09:41, 214.14it/s]
[A
  6%|6         | 8441/132849 [00:21<07:56, 261.35it/s]
[A
  6%|6         | 8492/132849 [00:21<06:46, 305.78it/s]
[A
  6%|6         | 8554/132849 [00:21<05:45, 359.63it/s]
[A
  6%|6         | 8618/132849 [00:21<05:02, 410.73it/s]
[A
  7%|6         | 8673/132849 [00:21<04:46, 433.61it/s]
[A
  7%|6         | 8727/132849 [00:21<04:37, 446.66it/s]
[A
  7%|6         | 8779/132849 [00:21<04:34, 451.97it/s]
[A
  7%|6         | 8839/132849 [00:21<04:14, 486.93it/s]
[A
  7%|6         | 8892/132849 [00:22<04:15, 484.40it/s]
[A
  7%|6         | 8948/132849 [00:22<04:06, 503.14it/s]
[A
  7%|6         | 9001/132849 [00:22<04:05, 504.47it/s]
[A
  7%|6         | 9054/132849 [00:22<04:07, 500.73it/s]
[A
  7%|6         | 9110/132849 [00:22<04:00, 514.13it/s]
[A
  7%|6         | 9166/132849 [00:22<03:54, 526.44it/s]
[A
  7%|6         | 9220/132849 [00:22<04:02, 510.01it/s]
[A
  7%|6         | 9275/132849 [00:22<03:58, 518.11it/s]
[A
  7%|7         | 9334/132849 [00:22<03:51, 534.65it/s]
[A
  7%|7         | 9390/132849 [00:23<03:48, 541.42it/s]
[A
  7%|7         | 9448/132849 [00:23<03:44, 549.03it/s]
[A
  7%|7         | 9504/132849 [00:23<03:45, 547.61it/s]
[A
  7%|7         | 9559/132849 [00:23<03:52, 529.96it/s]
[A
  7%|7         | 9615/132849 [00:23<03:50, 535.53it/s]
[A
  7%|7         | 9674/132849 [00:23<03:44, 547.89it/s]
[A
  7%|7         | 9730/132849 [00:23<03:43, 550.35it/s]
[A
  7%|7         | 9786/132849 [00:23<03:52, 528.19it/s]
[A
  7%|7         | 9840/132849 [00:23<03:54, 524.53it/s]
[A
  7%|7         | 9894/132849 [00:23<03:53, 525.96it/s]
[A
  7%|7         | 9947/132849 [00:24<03:57, 517.23it/s]
[A
  8%|7         | 10003/132849 [00:24<03:52, 527.58it/s]
[A
  8%|7         | 10056/132849 [00:24<03:55, 521.09it/s]
[A
  8%|7         | 10111/132849 [00:24<03:52, 527.35it/s]
[A
  8%|7         | 10167/132849 [00:24<03:49, 534.96it/s]
[A
  8%|7         | 10221/132849 [00:24<03:51, 528.79it/s]
[A
  8%|7         | 10274/132849 [00:24<03:52, 527.68it/s]
[A
  8%|7         | 10332/132849 [00:24<03:46, 541.09it/s]
[A
  8%|7         | 10394/132849 [00:24<03:38, 560.75it/s]
[A
  8%|7         | 10451/132849 [00:24<03:41, 551.87it/s]
[A
  8%|7         | 10507/132849 [00:25<03:43, 548.35it/s]
[A
  8%|7         | 10566/132849 [00:25<03:39, 556.68it/s]
[A
  8%|7         | 10622/132849 [00:25<03:41, 550.65it/s]
[A
  8%|8         | 10678/132849 [00:25<03:43, 547.64it/s]
[A
  8%|8         | 10733/132849 [00:25<03:51, 528.25it/s]
[A
  8%|8         | 10794/132849 [00:25<03:43, 546.34it/s]
[A
  8%|8         | 10856/132849 [00:25<03:35, 565.06it/s]
[A
  8%|8         | 10914/132849 [00:25<03:34, 567.88it/s]
[A
  8%|8         | 10972/132849 [00:25<03:36, 564.12it/s]
[A
  8%|8         | 11029/132849 [00:26<03:44, 542.34it/s]
[A
  8%|8         | 11084/132849 [00:26<03:58, 510.83it/s]
[A40342it [00:30, 1128.49it/s]

  8%|8         | 11138/132849 [00:26<03:54, 519.00it/s]
[A
  8%|8         | 11191/132849 [00:26<04:00, 504.90it/s]
[A
  8%|8         | 11244/132849 [00:26<03:59, 508.41it/s]
[A
  9%|8         | 11297/132849 [00:26<03:56, 514.01it/s]
[A
  9%|8         | 11358/132849 [00:26<03:46, 537.30it/s]
[A
  9%|8         | 11414/132849 [00:26<03:43, 542.84it/s]
[A
  9%|8         | 11477/132849 [00:26<03:35, 563.46it/s]
[A
  9%|8         | 11534/132849 [00:26<03:37, 557.04it/s]
[A
  9%|8         | 11591/132849 [00:27<03:37, 557.28it/s]
[A
  9%|8         | 11648/132849 [00:27<03:36, 559.56it/s]
[A
  9%|8         | 11705/132849 [00:27<03:43, 542.55it/s]
[A
  9%|8         | 11760/132849 [00:27<03:46, 535.14it/s]
[A
  9%|8         | 11814/132849 [00:27<03:54, 516.74it/s]
[A
  9%|8         | 11866/132849 [00:27<03:56, 512.23it/s]
[A
  9%|8         | 11918/132849 [00:27<04:03, 497.53it/s]
[A
  9%|9         | 11980/132849 [00:27<03:49, 526.94it/s]
[A
  9%|9         | 12036/132849 [00:27<03:45, 535.37it/s]
[A
  9%|9         | 12091/132849 [00:28<03:48, 527.97it/s]
[A
  9%|9         | 12145/132849 [00:28<03:56, 509.58it/s]
[A
  9%|9         | 12197/132849 [00:28<03:58, 505.59it/s]
[A
  9%|9         | 12252/132849 [00:28<03:54, 514.09it/s]
[A
  9%|9         | 12308/132849 [00:28<03:49, 524.17it/s]
[A
  9%|9         | 12362/132849 [00:28<03:48, 528.29it/s]
[A
  9%|9         | 12423/132849 [00:28<03:39, 549.77it/s]
[A
  9%|9         | 12487/132849 [00:28<03:29, 573.36it/s]
[A
  9%|9         | 12558/132849 [00:28<03:18, 607.30it/s]
[A
  9%|9         | 12620/132849 [00:28<03:17, 610.25it/s]
[A
 10%|9         | 12684/132849 [00:29<03:15, 615.59it/s]
[A
 10%|9         | 12747/132849 [00:29<03:23, 589.54it/s]
[A
 10%|9         | 12807/132849 [00:29<03:23, 589.19it/s]
[A
 10%|9         | 12867/132849 [00:29<03:23, 590.45it/s]
[A
 10%|9         | 12928/132849 [00:29<03:22, 592.94it/s]
[A
 10%|9         | 12988/132849 [00:29<03:25, 583.82it/s]
[A
 10%|9         | 13047/132849 [00:29<03:26, 579.34it/s]
[A
 10%|9         | 13108/132849 [00:29<03:25, 583.60it/s]
[A
 10%|9         | 13167/132849 [00:29<03:27, 575.48it/s]
[A
 10%|9         | 13232/132849 [00:30<03:20, 595.86it/s]
[A
 10%|#         | 13301/132849 [00:30<03:12, 621.01it/s]
[A
 10%|#         | 13364/132849 [00:30<03:22, 589.38it/s]
[A
 10%|#         | 13424/132849 [00:30<03:23, 588.22it/s]
[A
 10%|#         | 13497/132849 [00:30<03:11, 622.92it/s]
[A
 10%|#         | 13561/132849 [00:30<03:13, 616.05it/s]
[A
 10%|#         | 13624/132849 [00:31<11:34, 171.66it/s]
[A
 10%|#         | 13693/132849 [00:31<08:58, 221.36it/s]
[A
 10%|#         | 13755/132849 [00:31<07:15, 273.48it/s]
[A
 10%|#         | 13814/132849 [00:31<06:05, 325.45it/s]
[A
 10%|#         | 13887/132849 [00:31<05:05, 389.15it/s]
[A
 11%|#         | 13959/132849 [00:32<04:24, 449.96it/s]
[A
 11%|#         | 14026/132849 [00:32<03:59, 497.12it/s]
[A
 11%|#         | 14091/132849 [00:32<03:44, 528.08it/s]
[A
 11%|#         | 14155/132849 [00:32<03:34, 552.46it/s]
[A
 11%|#         | 14219/132849 [00:32<03:30, 564.17it/s]
[A
 11%|#         | 14284/132849 [00:32<03:22, 586.88it/s]
[A
 11%|#         | 14347/132849 [00:32<03:20, 591.98it/s]
[A
 11%|#         | 14413/132849 [00:32<03:14, 609.27it/s]
[A
 11%|#         | 14477/132849 [00:32<03:18, 595.44it/s]
[A
 11%|#         | 14539/132849 [00:33<03:43, 529.19it/s]
[A
 11%|#         | 14595/132849 [00:33<04:02, 487.55it/s]
[A
 11%|#1        | 14647/132849 [00:33<04:12, 468.44it/s]
[A
 11%|#1        | 14696/132849 [00:33<04:32, 433.40it/s]
[A
 11%|#1        | 14742/132849 [00:33<04:49, 408.14it/s]
[A
 11%|#1        | 14785/132849 [00:33<04:45, 413.13it/s]
[A
 11%|#1        | 14828/132849 [00:33<04:44, 414.40it/s]
[A
 11%|#1        | 14875/132849 [00:33<04:35, 428.44it/s]
[A
 11%|#1        | 14922/132849 [00:33<04:29, 436.97it/s]
[A
 11%|#1        | 14972/132849 [00:34<04:20, 452.30it/s]
[A
 11%|#1        | 15018/132849 [00:34<04:21, 450.31it/s]
[A
 11%|#1        | 15076/132849 [00:34<04:04, 481.94it/s]
[A
 11%|#1        | 15145/132849 [00:34<03:42, 528.88it/s]
[A
 11%|#1        | 15212/132849 [00:34<03:28, 563.73it/s]
[A
 11%|#1        | 15271/132849 [00:34<03:32, 552.76it/s]
[A
 12%|#1        | 15329/132849 [00:34<03:30, 557.64it/s]
[A
 12%|#1        | 15387/132849 [00:34<03:28, 563.06it/s]
[A
 12%|#1        | 15445/132849 [00:34<03:30, 557.32it/s]
[A
 12%|#1        | 15505/132849 [00:34<03:26, 567.28it/s]
[A
 12%|#1        | 15563/132849 [00:35<03:27, 564.65it/s]
[A
 12%|#1        | 15625/132849 [00:35<03:22, 579.05it/s]
[A
 12%|#1        | 15686/132849 [00:35<03:20, 585.38it/s]
[A
 12%|#1        | 15745/132849 [00:35<03:30, 556.20it/s]
[A
 12%|#1        | 15802/132849 [00:35<03:32, 550.28it/s]
[A
 12%|#1        | 15858/132849 [00:35<03:33, 548.98it/s]
[A
 12%|#1        | 15918/132849 [00:35<03:27, 563.19it/s]
[A
 12%|#2        | 15975/132849 [00:35<03:30, 556.54it/s]
[A
 12%|#2        | 16033/132849 [00:35<03:28, 559.52it/s]
[A
 12%|#2        | 16092/132849 [00:36<03:26, 566.70it/s]
[A
 12%|#2        | 16154/132849 [00:36<03:21, 578.80it/s]
[A56781it [00:40, 1245.65it/s]

 12%|#2        | 16213/132849 [00:36<03:25, 566.51it/s]
[A
 12%|#2        | 16277/132849 [00:36<03:20, 582.79it/s]
[A
 12%|#2        | 16336/132849 [00:36<03:24, 569.82it/s]
[A
 12%|#2        | 16395/132849 [00:36<03:22, 575.19it/s]
[A
 12%|#2        | 16453/132849 [00:36<03:29, 555.26it/s]
srun: Job step aborted: Waiting up to 32 seconds for job step to finish.
[Aslurmstepd: error: *** STEP 919429.0 ON clipgpu00 CANCELLED AT 2020-03-20T18:33:00 ***
slurmstepd: error: *** JOB 919429 ON clipgpu00 CANCELLED AT 2020-03-20T18:33:00 ***
